<?xml version="1.0" encoding="UTF-8"?>
<!-- Generated by org.testng.reporters.JUnitXMLReporter -->
<testsuite ignored="20" hostname="DESKTOP-RELNT9N" failures="11" tests="14" name="Surefire test" time="3.204" errors="0" timestamp="2026-08-29T16:46:36 IST">
  <testcase classname="tests.AppAdminTest" name="@BeforeClass userLogin" time="0.009">
    <failure type="java.lang.NullPointerException" message="Cannot invoke &amp;quot;org.openqa.selenium.WebDriver.findElement(org.openqa.selenium.By)&amp;quot; because &amp;quot;driver&amp;quot; is null">
      <![CDATA[java.lang.NullPointerException: Cannot invoke "org.openqa.selenium.WebDriver.findElement(org.openqa.selenium.By)" because "driver" is null
at org.openqa.selenium.support.ui.ExpectedConditions$7.apply(ExpectedConditions.java:194)
at org.openqa.selenium.support.ui.ExpectedConditions$7.apply(ExpectedConditions.java:190)
at org.openqa.selenium.support.ui.FluentWait.until(FluentWait.java:203)
at pages.LoginPage.login(LoginPage.java:40)
at tests.AppAdminTest.userLogin(AppAdminTest.java:57)
at java.base/java.util.ArrayList.forEach(ArrayList.java:1511)
... Removed 30 stack frames]]>
    </failure>
  </testcase> <!-- @BeforeClass userLogin -->
  <testcase classname="tests.BatchTest" name="@BeforeClass userLogin" time="0.002">
    <failure type="java.lang.NullPointerException" message="Cannot invoke &amp;quot;org.openqa.selenium.WebDriver.findElement(org.openqa.selenium.By)&amp;quot; because &amp;quot;driver&amp;quot; is null">
      <![CDATA[java.lang.NullPointerException: Cannot invoke "org.openqa.selenium.WebDriver.findElement(org.openqa.selenium.By)" because "driver" is null
at org.openqa.selenium.support.ui.ExpectedConditions$7.apply(ExpectedConditions.java:194)
at org.openqa.selenium.support.ui.ExpectedConditions$7.apply(ExpectedConditions.java:190)
at org.openqa.selenium.support.ui.FluentWait.until(FluentWait.java:203)
at pages.LoginPage.login(LoginPage.java:40)
at tests.BatchTest.userLogin(BatchTest.java:74)
at java.base/java.util.ArrayList.forEach(ArrayList.java:1511)
... Removed 30 stack frames]]>
    </failure>
  </testcase> <!-- @BeforeClass userLogin -->
  <testcase classname="tests.BatchTest" name="@AfterClass cleanup" time="0.0">
    <skipped/>
  </testcase> <!-- @AfterClass cleanup -->
  <testcase classname="tests.ContentCreatorTest" name="@BeforeClass userLogin" time="0.003">
    <failure type="java.lang.NullPointerException" message="Cannot invoke &amp;quot;org.openqa.selenium.WebDriver.findElement(org.openqa.selenium.By)&amp;quot; because &amp;quot;driver&amp;quot; is null">
      <![CDATA[java.lang.NullPointerException: Cannot invoke "org.openqa.selenium.WebDriver.findElement(org.openqa.selenium.By)" because "driver" is null
at org.openqa.selenium.support.ui.ExpectedConditions$7.apply(ExpectedConditions.java:194)
at org.openqa.selenium.support.ui.ExpectedConditions$7.apply(ExpectedConditions.java:190)
at org.openqa.selenium.support.ui.FluentWait.until(FluentWait.java:203)
at pages.LoginPage.login(LoginPage.java:40)
at tests.ContentCreatorTest.userLogin(ContentCreatorTest.java:55)
at java.base/java.util.ArrayList.forEach(ArrayList.java:1511)
... Removed 30 stack frames]]>
    </failure>
  </testcase> <!-- @BeforeClass userLogin -->
  <testcase classname="tests.CourseTest" name="@BeforeClass userLogin" time="0.002">
    <failure type="java.lang.NullPointerException" message="Cannot invoke &amp;quot;org.openqa.selenium.WebDriver.findElement(org.openqa.selenium.By)&amp;quot; because &amp;quot;driver&amp;quot; is null">
      <![CDATA[java.lang.NullPointerException: Cannot invoke "org.openqa.selenium.WebDriver.findElement(org.openqa.selenium.By)" because "driver" is null
at org.openqa.selenium.support.ui.ExpectedConditions$7.apply(ExpectedConditions.java:194)
at org.openqa.selenium.support.ui.ExpectedConditions$7.apply(ExpectedConditions.java:190)
at org.openqa.selenium.support.ui.FluentWait.until(FluentWait.java:203)
at pages.LoginPage.login(LoginPage.java:40)
at tests.CourseTest.userLogin(CourseTest.java:58)
at java.base/java.util.ArrayList.forEach(ArrayList.java:1511)
... Removed 30 stack frames]]>
    </failure>
  </testcase> <!-- @BeforeClass userLogin -->
  <testcase classname="tests.FacultyTest" name="@BeforeClass userLogin" time="0.004">
    <failure type="java.lang.NullPointerException" message="Cannot invoke &amp;quot;org.openqa.selenium.WebDriver.findElement(org.openqa.selenium.By)&amp;quot; because &amp;quot;driver&amp;quot; is null">
      <![CDATA[java.lang.NullPointerException: Cannot invoke "org.openqa.selenium.WebDriver.findElement(org.openqa.selenium.By)" because "driver" is null
at org.openqa.selenium.support.ui.ExpectedConditions$7.apply(ExpectedConditions.java:194)
at org.openqa.selenium.support.ui.ExpectedConditions$7.apply(ExpectedConditions.java:190)
at org.openqa.selenium.support.ui.FluentWait.until(FluentWait.java:203)
at pages.LoginPage.login(LoginPage.java:40)
at tests.FacultyTest.userLogin(FacultyTest.java:51)
at java.base/java.util.ArrayList.forEach(ArrayList.java:1511)
... Removed 30 stack frames]]>
    </failure>
  </testcase> <!-- @BeforeClass userLogin -->
  <testcase classname="tests.GamesListTest" name="@BeforeClass userLogin" time="0.002">
    <failure type="java.lang.NullPointerException" message="Cannot invoke &amp;quot;org.openqa.selenium.WebDriver.findElement(org.openqa.selenium.By)&amp;quot; because &amp;quot;driver&amp;quot; is null">
      <![CDATA[java.lang.NullPointerException: Cannot invoke "org.openqa.selenium.WebDriver.findElement(org.openqa.selenium.By)" because "driver" is null
at org.openqa.selenium.support.ui.ExpectedConditions$7.apply(ExpectedConditions.java:194)
at org.openqa.selenium.support.ui.ExpectedConditions$7.apply(ExpectedConditions.java:190)
at org.openqa.selenium.support.ui.FluentWait.until(FluentWait.java:203)
at pages.LoginPage.login(LoginPage.java:40)
at tests.GamesListTest.userLogin(GamesListTest.java:57)
at java.base/java.util.ArrayList.forEach(ArrayList.java:1511)
... Removed 30 stack frames]]>
    </failure>
  </testcase> <!-- @BeforeClass userLogin -->
  <testcase classname="tests.StaffAdminTest" name="@BeforeClass userLogin" time="0.006">
    <failure type="java.lang.NullPointerException" message="Cannot invoke &amp;quot;org.openqa.selenium.WebDriver.findElement(org.openqa.selenium.By)&amp;quot; because &amp;quot;driver&amp;quot; is null">
      <![CDATA[java.lang.NullPointerException: Cannot invoke "org.openqa.selenium.WebDriver.findElement(org.openqa.selenium.By)" because "driver" is null
at org.openqa.selenium.support.ui.ExpectedConditions$7.apply(ExpectedConditions.java:194)
at org.openqa.selenium.support.ui.ExpectedConditions$7.apply(ExpectedConditions.java:190)
at org.openqa.selenium.support.ui.FluentWait.until(FluentWait.java:203)
at pages.LoginPage.login(LoginPage.java:40)
at tests.StaffAdminTest.userLogin(StaffAdminTest.java:51)
at java.base/java.util.ArrayList.forEach(ArrayList.java:1511)
... Removed 30 stack frames]]>
    </failure>
  </testcase> <!-- @BeforeClass userLogin -->
  <testcase classname="tests.StudentTest" name="@BeforeClass userLogin" time="0.01">
    <failure type="java.lang.NullPointerException" message="Cannot invoke &amp;quot;org.openqa.selenium.WebDriver.findElement(org.openqa.selenium.By)&amp;quot; because &amp;quot;driver&amp;quot; is null">
      <![CDATA[java.lang.NullPointerException: Cannot invoke "org.openqa.selenium.WebDriver.findElement(org.openqa.selenium.By)" because "driver" is null
at org.openqa.selenium.support.ui.ExpectedConditions$7.apply(ExpectedConditions.java:194)
at org.openqa.selenium.support.ui.ExpectedConditions$7.apply(ExpectedConditions.java:190)
at org.openqa.selenium.support.ui.FluentWait.until(FluentWait.java:203)
at pages.LoginPage.login(LoginPage.java:40)
at tests.StudentTest.userLogin(StudentTest.java:74)
at java.base/java.util.ArrayList.forEach(ArrayList.java:1511)
... Removed 30 stack frames]]>
    </failure>
  </testcase> <!-- @BeforeClass userLogin -->
  <testcase classname="tests.UserGroupTest" name="@BeforeClass userLogin" time="0.004">
    <failure type="java.lang.NullPointerException" message="Cannot invoke &amp;quot;org.openqa.selenium.WebDriver.findElement(org.openqa.selenium.By)&amp;quot; because &amp;quot;driver&amp;quot; is null">
      <![CDATA[java.lang.NullPointerException: Cannot invoke "org.openqa.selenium.WebDriver.findElement(org.openqa.selenium.By)" because "driver" is null
at org.openqa.selenium.support.ui.ExpectedConditions$7.apply(ExpectedConditions.java:194)
at org.openqa.selenium.support.ui.ExpectedConditions$7.apply(ExpectedConditions.java:190)
at org.openqa.selenium.support.ui.FluentWait.until(FluentWait.java:203)
at pages.LoginPage.login(LoginPage.java:40)
at tests.UserGroupTest.userLogin(UserGroupTest.java:43)
at java.base/java.util.ArrayList.forEach(ArrayList.java:1511)
... Removed 30 stack frames]]>
    </failure>
  </testcase> <!-- @BeforeClass userLogin -->
  <testcase classname="tests.AppAdminTest" name="CreateAppAdminAndVerifyDetails" time="0.0">
    <failure type="java.lang.RuntimeException" message="java.lang.RuntimeException: Failed to read Excel data">
      <![CDATA[java.lang.RuntimeException: java.lang.RuntimeException: Failed to read Excel data
at java.base/java.util.ArrayList.forEach(ArrayList.java:1511)
Caused by: java.lang.RuntimeException: Failed to read Excel data
at utils.ExcelUtils.getExcelData(ExcelUtils.java:148)
at utils.ExcelUtils.excelDataProvider(ExcelUtils.java:84)
... 30 more
Caused by: java.lang.NullPointerException: Cannot invoke "org.apache.poi.xssf.usermodel.XSSFSheet.getRow(int)" because "sheet" is null
at utils.ExcelUtils.getExcelData(ExcelUtils.java:101)
... 38 more
... Removed 37 stack frames]]>
    </failure>
  </testcase> <!-- CreateAppAdminAndVerifyDetails -->
  <testcase classname="tests.BatchTest" name="CreateBatchAndVerifyDetails" time="0.0">
    <failure type="java.lang.RuntimeException" message="java.lang.RuntimeException: Failed to read Excel data">
      <![CDATA[java.lang.RuntimeException: java.lang.RuntimeException: Failed to read Excel data
at java.base/java.util.ArrayList.forEach(ArrayList.java:1511)
Caused by: java.lang.RuntimeException: Failed to read Excel data
at utils.ExcelUtils.getExcelData(ExcelUtils.java:148)
at utils.ExcelUtils.excelDataProvider(ExcelUtils.java:84)
... 30 more
Caused by: java.lang.NullPointerException: Cannot invoke "org.apache.poi.xssf.usermodel.XSSFCell.getCellType()" because "cell" is null
at utils.ExcelUtils.getExcelData(ExcelUtils.java:113)
... 38 more
... Removed 37 stack frames]]>
    </failure>
  </testcase> <!-- CreateBatchAndVerifyDetails -->
  <testcase classname="tests.ContentCreatorTest" name="CreateContentCreatorAndVerifyDetails" time="0.0">
    <failure type="java.lang.RuntimeException" message="java.lang.RuntimeException: Failed to read Excel data">
      <![CDATA[java.lang.RuntimeException: java.lang.RuntimeException: Failed to read Excel data
at java.base/java.util.ArrayList.forEach(ArrayList.java:1511)
Caused by: java.lang.RuntimeException: Failed to read Excel data
at utils.ExcelUtils.getExcelData(ExcelUtils.java:148)
at utils.ExcelUtils.excelDataProvider(ExcelUtils.java:84)
... 30 more
Caused by: java.lang.NullPointerException: Cannot invoke "org.apache.poi.xssf.usermodel.XSSFSheet.getRow(int)" because "sheet" is null
at utils.ExcelUtils.getExcelData(ExcelUtils.java:101)
... 38 more
... Removed 37 stack frames]]>
    </failure>
  </testcase> <!-- CreateContentCreatorAndVerifyDetails -->
  <testcase classname="tests.CourseTest" name="CreateCourseAndVerifyDetails" time="0.201">
    <failure type="org.testng.internal.reflect.MethodMatcherException" message="
[public void tests.CourseTest.CreateCourseAndVerifyDetails(java.lang.String,java.lang.String,java.lang.String,java.lang.String,java.lang.String,java.lang.String,java.lang.String,java.lang.String,java.lang.String,java.lang.String,java.lang.String,java.lang.String,java.lang.String,java.lang.String,java.lang.String,java.lang.String,java.lang.String,java.lang.String,java.lang.String,java.lang.String,java.lang.String,java.lang.String) throws java.lang.InterruptedException] has no parameters defined but was found to be using a data provider (either explicitly specified or inherited from class level annotation).
Data provider mismatch
Method: CreateCourseAndVerifyDetails([java.lang.String arg0, java.lang.String arg1, java.lang.String arg2, java.lang.String arg3, java.lang.String arg4, java.lang.String arg5, java.lang.String arg6, java.lang.String arg7, java.lang.String arg8, java.lang.String arg9, java.lang.String arg10, java.lang.String arg11, java.lang.String arg12, java.lang.String arg13, java.lang.String arg14, java.lang.String arg15, java.lang.String arg16, java.lang.String arg17, java.lang.String arg18, java.lang.String arg19, java.lang.String arg20, java.lang.String arg21])
Arguments: [(java.lang.String) SELF_PACED_PAID,(java.lang.String) AutomationTestPaid,(java.lang.String) 6 Months,(java.lang.String) 2000,(java.lang.String) Provided,(java.lang.String) Not Approved,(java.lang.String) Active,(java.lang.String) For Automation Testing paid course,(java.lang.String) true,(java.lang.String) 60,(java.lang.String) true,(java.lang.String) 60,(java.lang.String) Java microservices,(java.lang.String) Programming Test Template 28-05 Working 1,(java.lang.String) Lab3Configwebcli]">
      <![CDATA[org.testng.internal.reflect.MethodMatcherException: 
[public void tests.CourseTest.CreateCourseAndVerifyDetails(java.lang.String,java.lang.String,java.lang.String,java.lang.String,java.lang.String,java.lang.String,java.lang.String,java.lang.String,java.lang.String,java.lang.String,java.lang.String,java.lang.String,java.lang.String,java.lang.String,java.lang.String,java.lang.String,java.lang.String,java.lang.String,java.lang.String,java.lang.String,java.lang.String,java.lang.String) throws java.lang.InterruptedException] has no parameters defined but was found to be using a data provider (either explicitly specified or inherited from class level annotation).
Data provider mismatch
Method: CreateCourseAndVerifyDetails([java.lang.String arg0, java.lang.String arg1, java.lang.String arg2, java.lang.String arg3, java.lang.String arg4, java.lang.String arg5, java.lang.String arg6, java.lang.String arg7, java.lang.String arg8, java.lang.String arg9, java.lang.String arg10, java.lang.String arg11, java.lang.String arg12, java.lang.String arg13, java.lang.String arg14, java.lang.String arg15, java.lang.String arg16, java.lang.String arg17, java.lang.String arg18, java.lang.String arg19, java.lang.String arg20, java.lang.String arg21])
Arguments: [(java.lang.String) SELF_PACED_PAID,(java.lang.String) AutomationTestPaid,(java.lang.String) 6 Months,(java.lang.String) 2000,(java.lang.String) Provided,(java.lang.String) Not Approved,(java.lang.String) Active,(java.lang.String) For Automation Testing paid course,(java.lang.String) true,(java.lang.String) 60,(java.lang.String) true,(java.lang.String) 60,(java.lang.String) Java microservices,(java.lang.String) Programming Test Template 28-05 Working 1,(java.lang.String) Lab3Configwebcli]
at java.base/java.util.ArrayList.forEach(ArrayList.java:1511)
... Removed 27 stack frames]]>
    </failure>
  </testcase> <!-- CreateCourseAndVerifyDetails -->
  <testcase classname="tests.FacultyTest" name="CreateFacultyAndVerifyDetails" time="0.0">
    <skipped/>
  </testcase> <!-- CreateFacultyAndVerifyDetails -->
  <testcase classname="tests.GamesListTest" name="CreateGamesListAndVerifyDetails" time="0.0">
    <failure type="java.lang.RuntimeException" message="java.lang.RuntimeException: Failed to read Excel data">
      <![CDATA[java.lang.RuntimeException: java.lang.RuntimeException: Failed to read Excel data
at java.base/java.util.ArrayList.forEach(ArrayList.java:1511)
Caused by: java.lang.RuntimeException: Failed to read Excel data
at utils.ExcelUtils.getExcelData(ExcelUtils.java:148)
at utils.ExcelUtils.excelDataProvider(ExcelUtils.java:84)
... 30 more
Caused by: java.lang.NullPointerException: Cannot invoke "org.apache.poi.xssf.usermodel.XSSFSheet.getRow(int)" because "sheet" is null
at utils.ExcelUtils.getExcelData(ExcelUtils.java:101)
... 38 more
... Removed 37 stack frames]]>
    </failure>
  </testcase> <!-- CreateGamesListAndVerifyDetails -->
  <testcase classname="tests.GamesListTest" name="enrollGamesListAndVerifyDetails" time="0.0">
    <failure type="org.testng.TestNGException" message="
Parameter &amp;apos;gameName&amp;apos; is required by @Test on method enrollGamesListAndVerifyDetails but has not been marked @Optional or defined
">
      <![CDATA[org.testng.TestNGException: 
Parameter 'gameName' is required by @Test on method enrollGamesListAndVerifyDetails but has not been marked @Optional or defined

at java.base/java.util.ArrayList.forEach(ArrayList.java:1511)
... Removed 31 stack frames]]>
    </failure>
  </testcase> <!-- enrollGamesListAndVerifyDetails -->
  <testcase classname="tests.GamesListTest" name="verifyGames" time="0.0">
    <failure type="org.testng.TestNGException" message="
Parameter &amp;apos;gameName&amp;apos; is required by @Test on method verifyGames but has not been marked @Optional or defined
">
      <![CDATA[org.testng.TestNGException: 
Parameter 'gameName' is required by @Test on method verifyGames but has not been marked @Optional or defined

at java.base/java.util.ArrayList.forEach(ArrayList.java:1511)
... Removed 31 stack frames]]>
    </failure>
  </testcase> <!-- verifyGames -->
  <testcase classname="tests.GamesListTest" name="verifyGamesEnrollment" time="0.0">
    <failure type="org.testng.TestNGException" message="
Parameter &amp;apos;gameListName&amp;apos; is required by @Test on method verifyGamesEnrollment but has not been marked @Optional or defined
">
      <![CDATA[org.testng.TestNGException: 
Parameter 'gameListName' is required by @Test on method verifyGamesEnrollment but has not been marked @Optional or defined

at java.base/java.util.ArrayList.forEach(ArrayList.java:1511)
... Removed 31 stack frames]]>
    </failure>
  </testcase> <!-- verifyGamesEnrollment -->
  <testcase classname="tests.LoginTest" name="verifyLoggedInUser" time="0.0">
    <failure type="java.lang.NullPointerException" message="Cannot invoke &amp;quot;org.openqa.selenium.WebDriver.findElement(org.openqa.selenium.By)&amp;quot; because &amp;quot;driver&amp;quot; is null">
      <![CDATA[java.lang.NullPointerException: Cannot invoke "org.openqa.selenium.WebDriver.findElement(org.openqa.selenium.By)" because "driver" is null
at org.openqa.selenium.support.ui.ExpectedConditions$7.apply(ExpectedConditions.java:194)
at org.openqa.selenium.support.ui.ExpectedConditions$7.apply(ExpectedConditions.java:190)
at org.openqa.selenium.support.ui.FluentWait.until(FluentWait.java:203)
at pages.LoginPage.login(LoginPage.java:40)
at tests.LoginTest.verifyLoggedInUser(LoginTest.java:27)
at java.base/java.util.ArrayList.forEach(ArrayList.java:1511)
... Removed 32 stack frames]]>
    </failure>
  </testcase> <!-- verifyLoggedInUser -->
  <testcase classname="tests.LoginTest" name="verifyLogout" time="0.0">
    <skipped/>
  </testcase> <!-- verifyLogout -->
  <testcase classname="tests.StaffAdminTest" name="CreateStaffAdminAndVerifyDetails" time="0.0">
    <failure type="java.lang.RuntimeException" message="java.lang.RuntimeException: Failed to read Excel data">
      <![CDATA[java.lang.RuntimeException: java.lang.RuntimeException: Failed to read Excel data
at java.base/java.util.ArrayList.forEach(ArrayList.java:1511)
Caused by: java.lang.RuntimeException: Failed to read Excel data
at utils.ExcelUtils.getExcelData(ExcelUtils.java:148)
at utils.ExcelUtils.excelDataProvider(ExcelUtils.java:84)
... 30 more
Caused by: java.lang.NullPointerException: Cannot invoke "org.apache.poi.xssf.usermodel.XSSFSheet.getRow(int)" because "sheet" is null
at utils.ExcelUtils.getExcelData(ExcelUtils.java:101)
... 38 more
... Removed 37 stack frames]]>
    </failure>
  </testcase> <!-- CreateStaffAdminAndVerifyDetails -->
  <testcase classname="tests.StudentTest" name="CreateStudentAndVerifyDetails" time="0.0">
    <skipped/>
  </testcase> <!-- CreateStudentAndVerifyDetails -->
  <testcase classname="tests.UserGroupTest" name="CreateUserGroupAndVerifyDetails" time="0.0">
    <failure type="java.lang.RuntimeException" message="java.lang.RuntimeException: Failed to read Excel data">
      <![CDATA[java.lang.RuntimeException: java.lang.RuntimeException: Failed to read Excel data
at java.base/java.util.ArrayList.forEach(ArrayList.java:1511)
Caused by: java.lang.RuntimeException: Failed to read Excel data
at utils.ExcelUtils.getExcelData(ExcelUtils.java:148)
at utils.ExcelUtils.excelDataProvider(ExcelUtils.java:84)
... 30 more
Caused by: java.lang.NullPointerException: Cannot invoke "org.apache.poi.xssf.usermodel.XSSFSheet.getRow(int)" because "sheet" is null
at utils.ExcelUtils.getExcelData(ExcelUtils.java:101)
... 38 more
... Removed 37 stack frames]]>
    </failure>
  </testcase> <!-- CreateUserGroupAndVerifyDetails -->
  <testcase classname="pages.BaseTest" name="@AfterSuite tearDown" time="0.0">
    <ignored/>
  </testcase> <!-- @AfterSuite tearDown -->
  <testcase classname="pages.BaseTest" name="@BeforeSuite setUp" time="0.0">
    <ignored/>
  </testcase> <!-- @BeforeSuite setUp -->
  <testcase classname="pages.BaseTest" name="@AfterSuite tearDown" time="0.0">
    <ignored/>
  </testcase> <!-- @AfterSuite tearDown -->
  <testcase classname="pages.BaseTest" name="@BeforeSuite setUp" time="0.0">
    <ignored/>
  </testcase> <!-- @BeforeSuite setUp -->
  <testcase classname="pages.BaseTest" name="@AfterSuite tearDown" time="0.0">
    <ignored/>
  </testcase> <!-- @AfterSuite tearDown -->
  <testcase classname="pages.BaseTest" name="@BeforeSuite setUp" time="0.0">
    <ignored/>
  </testcase> <!-- @BeforeSuite setUp -->
  <testcase classname="pages.BaseTest" name="@BeforeSuite setUp" time="0.0">
    <ignored/>
  </testcase> <!-- @BeforeSuite setUp -->
  <testcase classname="pages.BaseTest" name="@AfterSuite tearDown" time="0.0">
    <ignored/>
  </testcase> <!-- @AfterSuite tearDown -->
  <testcase classname="pages.BaseTest" name="@AfterSuite tearDown" time="0.0">
    <ignored/>
  </testcase> <!-- @AfterSuite tearDown -->
  <testcase classname="pages.BaseTest" name="@AfterSuite tearDown" time="0.0">
    <ignored/>
  </testcase> <!-- @AfterSuite tearDown -->
  <testcase classname="pages.BaseTest" name="@BeforeSuite setUp" time="0.0">
    <ignored/>
  </testcase> <!-- @BeforeSuite setUp -->
  <testcase classname="pages.BaseTest" name="@AfterSuite tearDown" time="0.0">
    <ignored/>
  </testcase> <!-- @AfterSuite tearDown -->
  <testcase classname="pages.BaseTest" name="@BeforeSuite setUp" time="0.0">
    <ignored/>
  </testcase> <!-- @BeforeSuite setUp -->
  <testcase classname="pages.BaseTest" name="@AfterSuite tearDown" time="0.0">
    <ignored/>
  </testcase> <!-- @AfterSuite tearDown -->
  <testcase classname="pages.BaseTest" name="@BeforeSuite setUp" time="0.0">
    <ignored/>
  </testcase> <!-- @BeforeSuite setUp -->
  <testcase classname="pages.BaseTest" name="@BeforeSuite setUp" time="0.0">
    <ignored/>
  </testcase> <!-- @BeforeSuite setUp -->
  <testcase classname="pages.BaseTest" name="@BeforeSuite setUp" time="0.0">
    <ignored/>
  </testcase> <!-- @BeforeSuite setUp -->
  <testcase classname="pages.BaseTest" name="@AfterSuite tearDown" time="0.0">
    <ignored/>
  </testcase> <!-- @AfterSuite tearDown -->
  <testcase classname="pages.BaseTest" name="@AfterSuite tearDown" time="0.0">
    <ignored/>
  </testcase> <!-- @AfterSuite tearDown -->
  <testcase classname="pages.BaseTest" name="@BeforeSuite setUp" time="0.0">
    <ignored/>
  </testcase> <!-- @BeforeSuite setUp -->
</testsuite> <!-- Surefire test -->
