<?xml version="1.0" encoding="UTF-8"?>
<!-- Generated by org.testng.reporters.JUnitXMLReporter -->
<testsuite ignored="0" hostname="DESKTOP-RELNT9N" failures="0" tests="1" name="createfaculty" time="3.03" errors="0" timestamp="2025-12-24T13:12:58 IST">
  <testcase classname="tests.FacultyTest" name="@BeforeClass userLogin" time="0.02">
    <failure type="java.lang.NullPointerException" message="Cannot invoke &amp;quot;org.openqa.selenium.WebDriver.findElement(org.openqa.selenium.By)&amp;quot; because &amp;quot;driver&amp;quot; is null">
      <![CDATA[java.lang.NullPointerException: Cannot invoke "org.openqa.selenium.WebDriver.findElement(org.openqa.selenium.By)" because "driver" is null
at org.openqa.selenium.support.ui.ExpectedConditions$7.apply(ExpectedConditions.java:194)
at org.openqa.selenium.support.ui.ExpectedConditions$7.apply(ExpectedConditions.java:190)
at org.openqa.selenium.support.ui.FluentWait.until(FluentWait.java:203)
at pages.LoginPage.login(LoginPage.java:41)
at tests.FacultyTest.userLogin(FacultyTest.java:51)
at java.base/java.util.ArrayList.forEach(ArrayList.java:1596)
... Removed 23 stack frames]]>
    </failure>
  </testcase> <!-- @BeforeClass userLogin -->
  <testcase classname="tests.FacultyTest" name="CreateFacultyAndVerifyDetails" time="0.0">
    <skipped/>
  </testcase> <!-- CreateFacultyAndVerifyDetails -->
</testsuite> <!-- createfaculty -->
