<?xml version="1.0" encoding="UTF-8"?>
<!-- Generated by org.testng.reporters.JUnitXMLReporter -->
<testsuite ignored="0" hostname="DESKTOP-RELNT9N" failures="0" tests="1" name="createcontentcreator" time="2.907" errors="0" timestamp="2025-12-24T19:46:07 IST">
  <testcase classname="tests.ContentCreatorTest" name="@BeforeClass userLogin" time="0.019">
    <failure type="java.lang.NullPointerException" message="Cannot invoke &amp;quot;org.openqa.selenium.WebDriver.findElement(org.openqa.selenium.By)&amp;quot; because &amp;quot;driver&amp;quot; is null">
      <![CDATA[java.lang.NullPointerException: Cannot invoke "org.openqa.selenium.WebDriver.findElement(org.openqa.selenium.By)" because "driver" is null
at org.openqa.selenium.support.ui.ExpectedConditions$7.apply(ExpectedConditions.java:194)
at org.openqa.selenium.support.ui.ExpectedConditions$7.apply(ExpectedConditions.java:190)
at org.openqa.selenium.support.ui.FluentWait.until(FluentWait.java:203)
at pages.LoginPage.login(LoginPage.java:41)
at tests.ContentCreatorTest.userLogin(ContentCreatorTest.java:55)
at java.base/java.util.ArrayList.forEach(ArrayList.java:1596)
... Removed 23 stack frames]]>
    </failure>
  </testcase> <!-- @BeforeClass userLogin -->
  <testcase classname="tests.ContentCreatorTest" name="CreateContentCreatorAndVerifyDetails" time="0.001">
    <skipped/>
  </testcase> <!-- CreateContentCreatorAndVerifyDetails -->
</testsuite> <!-- createcontentcreator -->
