<?xml version="1.0" encoding="UTF-8"?>
<!-- Generated by org.testng.reporters.JUnitXMLReporter -->
<testsuite ignored="3" hostname="DESKTOP-RELNT9N" failures="1" tests="1" name="creategameslist" time="50.207" errors="0" timestamp="2026-03-02T21:55:33 IST">
  <testcase classname="tests.GamesListTest" name="verifyGames" time="49.511">
    <failure type="org.openqa.selenium.TimeoutException" message="Expected condition failed: waiting for element to be clickable: By.xpath: //div[@class=&amp;apos;option-text&amp;apos; and text()=&amp;apos;Shark&amp;apos;] (tried for 30 second(s) with 500 milliseconds interval)
Build info: version: &amp;apos;4.33.0&amp;apos;, revision: &amp;apos;2c6aaad03a&amp;apos;
System info: os.name: &amp;apos;Windows 11&amp;apos;, os.arch: &amp;apos;amd64&amp;apos;, os.version: &amp;apos;10.0&amp;apos;, java.version: &amp;apos;21.0.7&amp;apos;
Driver info: org.openqa.selenium.chrome.ChromeDriver
Capabilities {acceptInsecureCerts: false, browserName: chrome, browserVersion: 145.0.7632.75, chrome: {chromedriverVersion: 145.0.7632.117 (de4e5d6e13b..., userDataDir: C:\Users\ADMIN\AppData\Loca...}, fedcm:accounts: true, goog:chromeOptions: {debuggerAddress: localhost:49292}, goog:processID: 14020, networkConnectionEnabled: false, pageLoadStrategy: normal, platformName: windows, proxy: Proxy(), se:cdp: ws://localhost:49292/devtoo..., se:cdpVersion: 145.0.7632.75, setWindowRect: true, strictFileInteractability: false, timeouts: {implicit: 0, pageLoad: 300000, script: 30000}, unhandledPromptBehavior: dismiss and notify, webauthn:extension:credBlob: true, webauthn:extension:largeBlob: true, webauthn:extension:minPinLength: true, webauthn:extension:prf: true, webauthn:virtualAuthenticators: true}
Session ID: e5fbab9c03cf5e2a52b9116a6ef85548">
      <![CDATA[org.openqa.selenium.TimeoutException: Expected condition failed: waiting for element to be clickable: By.xpath: //div[@class='option-text' and text()='Shark'] (tried for 30 second(s) with 500 milliseconds interval)
Build info: version: '4.33.0', revision: '2c6aaad03a'
System info: os.name: 'Windows 11', os.arch: 'amd64', os.version: '10.0', java.version: '21.0.7'
Driver info: org.openqa.selenium.chrome.ChromeDriver
Capabilities {acceptInsecureCerts: false, browserName: chrome, browserVersion: 145.0.7632.75, chrome: {chromedriverVersion: 145.0.7632.117 (de4e5d6e13b..., userDataDir: C:\Users\ADMIN\AppData\Loca...}, fedcm:accounts: true, goog:chromeOptions: {debuggerAddress: localhost:49292}, goog:processID: 14020, networkConnectionEnabled: false, pageLoadStrategy: normal, platformName: windows, proxy: Proxy(), se:cdp: ws://localhost:49292/devtoo..., se:cdpVersion: 145.0.7632.75, setWindowRect: true, strictFileInteractability: false, timeouts: {implicit: 0, pageLoad: 300000, script: 30000}, unhandledPromptBehavior: dismiss and notify, webauthn:extension:credBlob: true, webauthn:extension:largeBlob: true, webauthn:extension:minPinLength: true, webauthn:extension:prf: true, webauthn:virtualAuthenticators: true}
Session ID: e5fbab9c03cf5e2a52b9116a6ef85548
at org.openqa.selenium.support.ui.WebDriverWait.timeoutException(WebDriverWait.java:84)
at org.openqa.selenium.support.ui.FluentWait.until(FluentWait.java:228)
at pages.Dashboard.Assessment.InteractionTemplatePage.previewSpecificInteractionTemplate(InteractionTemplatePage.java:104)
at tests.GamesListTest.verifyGames(GamesListTest.java:202)
at java.base/java.util.ArrayList.forEach(ArrayList.java:1596)
... Removed 25 stack frames]]>
    </failure>
  </testcase> <!-- verifyGames -->
  <testcase classname="tests.GamesListTest" name="CreateGamesListAndVerifyDetails" time="0.0">
    <ignored/>
  </testcase> <!-- CreateGamesListAndVerifyDetails -->
  <testcase classname="tests.GamesListTest" name="verifyGamesEnrollment" time="0.0">
    <ignored/>
  </testcase> <!-- verifyGamesEnrollment -->
  <testcase classname="tests.GamesListTest" name="enrollGamesListAndVerifyDetails" time="0.0">
    <ignored/>
  </testcase> <!-- enrollGamesListAndVerifyDetails -->
</testsuite> <!-- creategameslist -->
